<?xml version="1.0" encoding="UTF-8"?>
<!-- Generated by org.testng.reporters.JUnitReportReporter -->
<testsuite hostname="Vipulbhais-Mac-mini.local" name="com.pley.index.PleySignupIndex" tests="1" failures="0" timestamp="3 Dec 2014 08:45:31 GMT" time="67.265" errors="0">
  <testcase name="PleySignup" time="67.265" classname="com.pley.index.PleySignupIndex"/>
</testsuite> <!-- com.pley.index.PleySignupIndex -->
