<?xml version="1.0" encoding="UTF-8"?>
<!-- Generated by org.testng.reporters.JUnitReportReporter -->
<testsuite hostname="User" name="com.pley.index.PleySignupIndex" tests="1" failures="0" timestamp="2 Dec 2014 09:55:13 GMT" time="639.496" errors="0">
  <testcase name="PleySignup" time="639.496" classname="com.pley.index.PleySignupIndex"/>
</testsuite> <!-- com.pley.index.PleySignupIndex -->
